Determining if the pthread_create exist failed with the following output:
Change Dir: /home/ghlee/INNO-RTFDocs/eos/CMakeFiles/CMakeTmp

Run Build Command:"/usr/bin/make" "cmTC_cb542/fast"
/usr/bin/make -f CMakeFiles/cmTC_cb542.dir/build.make CMakeFiles/cmTC_cb542.dir/build
make[1]: Entering directory '/home/ghlee/INNO-RTFDocs/eos/CMakeFiles/CMakeTmp'
Building C object CMakeFiles/cmTC_cb542.dir/CheckSymbolExists.c.o
/usr/bin/cc    -o CMakeFiles/cmTC_cb542.dir/CheckSymbolExists.c.o   -c /home/ghlee/INNO-RTFDocs/eos/CMakeFiles/CMakeTmp/CheckSymbolExists.c
Linking C executable cmTC_cb542
/usr/bin/cmake -E cmake_link_script CMakeFiles/cmTC_cb542.dir/link.txt --verbose=1
/usr/bin/cc      CMakeFiles/cmTC_cb542.dir/CheckSymbolExists.c.o  -o cmTC_cb542 
CMakeFiles/cmTC_cb542.dir/CheckSymbolExists.c.o: In function `main':
CheckSymbolExists.c:(.text+0x1b): undefined reference to `pthread_create'
collect2: error: ld returned 1 exit status
CMakeFiles/cmTC_cb542.dir/build.make:97: recipe for target 'cmTC_cb542' failed
make[1]: *** [cmTC_cb542] Error 1
make[1]: Leaving directory '/home/ghlee/INNO-RTFDocs/eos/CMakeFiles/CMakeTmp'
Makefile:126: recipe for target 'cmTC_cb542/fast' failed
make: *** [cmTC_cb542/fast] Error 2

File /home/ghlee/INNO-RTFDocs/eos/CMakeFiles/CMakeTmp/CheckSymbolExists.c:
/* */
#include <pthread.h>

int main(int argc, char** argv)
{
  (void)argv;
#ifndef pthread_create
  return ((int*)(&pthread_create))[argc];
#else
  (void)argc;
  return 0;
#endif
}

Determining if the function memset_s exists failed with the following output:
Change Dir: /home/ghlee/INNO-RTFDocs/eos/CMakeFiles/CMakeTmp

Run Build Command:"/usr/bin/make" "cmTC_9453d/fast"
/usr/bin/make -f CMakeFiles/cmTC_9453d.dir/build.make CMakeFiles/cmTC_9453d.dir/build
make[1]: Entering directory '/home/ghlee/INNO-RTFDocs/eos/CMakeFiles/CMakeTmp'
Building C object CMakeFiles/cmTC_9453d.dir/CheckFunctionExists.c.o
/usr/bin/cc   -pedantic -Wall -Wextra -Werror -Wno-format-zero-length -Wno-implicit-fallthrough -Wformat -Wformat-security -flto -fstack-protector-all -Wl,-z,relro,-z,now -DCHECK_FUNCTION_EXISTS=memset_s   -o CMakeFiles/cmTC_9453d.dir/CheckFunctionExists.c.o   -c /usr/share/cmake-3.10/Modules/CheckFunctionExists.c
Linking C executable cmTC_9453d
/usr/bin/cmake -E cmake_link_script CMakeFiles/cmTC_9453d.dir/link.txt --verbose=1
/usr/bin/cc  -pedantic -Wall -Wextra -Werror -Wno-format-zero-length -Wno-implicit-fallthrough -Wformat -Wformat-security -flto -fstack-protector-all -Wl,-z,relro,-z,now -DCHECK_FUNCTION_EXISTS=memset_s    -rdynamic CMakeFiles/cmTC_9453d.dir/CheckFunctionExists.c.o  -o cmTC_9453d 
/tmp/cc6YCEWV.ltrans0.ltrans.o: In function `main':
<artificial>:(.text+0x1f): undefined reference to `memset_s'
collect2: error: ld returned 1 exit status
CMakeFiles/cmTC_9453d.dir/build.make:97: recipe for target 'cmTC_9453d' failed
make[1]: *** [cmTC_9453d] Error 1
make[1]: Leaving directory '/home/ghlee/INNO-RTFDocs/eos/CMakeFiles/CMakeTmp'
Makefile:126: recipe for target 'cmTC_9453d/fast' failed
make: *** [cmTC_9453d/fast] Error 2


